{"message":"WARNING: NODE_APP_INSTANCE value of '1' did not match any instance config file names.\n","timestamp":"03-06 16:59:22 +05:30","type":"err","process_id":1,"app_name":"PROJECT_NAME"}
{"message":"WARNING: See https://github.com/lorenwest/node-config/wiki/Strict-Mode\n","timestamp":"03-06 16:59:22 +05:30","type":"err","process_id":1,"app_name":"PROJECT_NAME"}
{"message":"WARNING: No configurations found in configuration directory:/Users/atulkumar/Metyis_Trip_Service/src/config\n","timestamp":"03-06 16:59:22 +05:30","type":"err","process_id":1,"app_name":"PROJECT_NAME"}
{"message":"WARNING: To disable this warning set SUPPRESS_NO_CONFIG_WARNING in the environment.\n","timestamp":"03-06 16:59:22 +05:30","type":"err","process_id":1,"app_name":"PROJECT_NAME"}
{"message":"WARNING: NODE_APP_INSTANCE value of '0' did not match any instance config file names.\n","timestamp":"03-06 16:59:22 +05:30","type":"err","process_id":0,"app_name":"PROJECT_NAME"}
{"message":"WARNING: See https://github.com/lorenwest/node-config/wiki/Strict-Mode\n","timestamp":"03-06 16:59:22 +05:30","type":"err","process_id":0,"app_name":"PROJECT_NAME"}
{"message":"WARNING: No configurations found in configuration directory:/Users/atulkumar/Metyis_Trip_Service/src/config\n","timestamp":"03-06 16:59:22 +05:30","type":"err","process_id":0,"app_name":"PROJECT_NAME"}
{"message":"WARNING: To disable this warning set SUPPRESS_NO_CONFIG_WARNING in the environment.\n","timestamp":"03-06 16:59:22 +05:30","type":"err","process_id":0,"app_name":"PROJECT_NAME"}
{"message":"WARNING: NODE_APP_INSTANCE value of '1' did not match any instance config file names.\n","timestamp":"03-06 16:59:22 +05:30","type":"err","process_id":1,"app_name":"PROJECT_NAME"}
{"message":"WARNING: See https://github.com/lorenwest/node-config/wiki/Strict-Mode\n","timestamp":"03-06 16:59:22 +05:30","type":"err","process_id":1,"app_name":"PROJECT_NAME"}
{"message":"WARNING: No configurations found in configuration directory:/Users/atulkumar/Metyis_Trip_Service/src/config\n","timestamp":"03-06 16:59:22 +05:30","type":"err","process_id":1,"app_name":"PROJECT_NAME"}
{"message":"WARNING: To disable this warning set SUPPRESS_NO_CONFIG_WARNING in the environment.\n","timestamp":"03-06 16:59:22 +05:30","type":"err","process_id":1,"app_name":"PROJECT_NAME"}
{"message":"WARNING: NODE_APP_INSTANCE value of '0' did not match any instance config file names.\n","timestamp":"03-06 16:59:22 +05:30","type":"err","process_id":0,"app_name":"PROJECT_NAME"}
{"message":"WARNING: See https://github.com/lorenwest/node-config/wiki/Strict-Mode\n","timestamp":"03-06 16:59:22 +05:30","type":"err","process_id":0,"app_name":"PROJECT_NAME"}
{"message":"WARNING: No configurations found in configuration directory:/Users/atulkumar/Metyis_Trip_Service/src/config\n","timestamp":"03-06 16:59:22 +05:30","type":"err","process_id":0,"app_name":"PROJECT_NAME"}
{"message":"WARNING: To disable this warning set SUPPRESS_NO_CONFIG_WARNING in the environment.\n","timestamp":"03-06 16:59:22 +05:30","type":"err","process_id":0,"app_name":"PROJECT_NAME"}
{"message":"WARNING: NODE_APP_INSTANCE value of '1' did not match any instance config file names.\n","timestamp":"03-06 16:59:22 +05:30","type":"err","process_id":1,"app_name":"PROJECT_NAME"}
{"message":"WARNING: See https://github.com/lorenwest/node-config/wiki/Strict-Mode\n","timestamp":"03-06 16:59:22 +05:30","type":"err","process_id":1,"app_name":"PROJECT_NAME"}
{"message":"WARNING: No configurations found in configuration directory:/Users/atulkumar/Metyis_Trip_Service/src/config\n","timestamp":"03-06 16:59:22 +05:30","type":"err","process_id":1,"app_name":"PROJECT_NAME"}
{"message":"WARNING: To disable this warning set SUPPRESS_NO_CONFIG_WARNING in the environment.\n","timestamp":"03-06 16:59:22 +05:30","type":"err","process_id":1,"app_name":"PROJECT_NAME"}
{"message":"WARNING: NODE_APP_INSTANCE value of '0' did not match any instance config file names.\n","timestamp":"03-06 16:59:22 +05:30","type":"err","process_id":0,"app_name":"PROJECT_NAME"}
{"message":"WARNING: See https://github.com/lorenwest/node-config/wiki/Strict-Mode\n","timestamp":"03-06 16:59:22 +05:30","type":"err","process_id":0,"app_name":"PROJECT_NAME"}
{"message":"WARNING: No configurations found in configuration directory:/Users/atulkumar/Metyis_Trip_Service/src/config\n","timestamp":"03-06 16:59:22 +05:30","type":"err","process_id":0,"app_name":"PROJECT_NAME"}
{"message":"WARNING: To disable this warning set SUPPRESS_NO_CONFIG_WARNING in the environment.\n","timestamp":"03-06 16:59:22 +05:30","type":"err","process_id":0,"app_name":"PROJECT_NAME"}
{"message":"WARNING: NODE_APP_INSTANCE value of '0' did not match any instance config file names.\n","timestamp":"03-06 16:59:23 +05:30","type":"err","process_id":0,"app_name":"PROJECT_NAME"}
{"message":"WARNING: See https://github.com/lorenwest/node-config/wiki/Strict-Mode\n","timestamp":"03-06 16:59:23 +05:30","type":"err","process_id":0,"app_name":"PROJECT_NAME"}
{"message":"WARNING: No configurations found in configuration directory:/Users/atulkumar/Metyis_Trip_Service/src/config\n","timestamp":"03-06 16:59:23 +05:30","type":"err","process_id":0,"app_name":"PROJECT_NAME"}
{"message":"WARNING: To disable this warning set SUPPRESS_NO_CONFIG_WARNING in the environment.\n","timestamp":"03-06 16:59:23 +05:30","type":"err","process_id":0,"app_name":"PROJECT_NAME"}
{"message":"WARNING: NODE_APP_INSTANCE value of '1' did not match any instance config file names.\n","timestamp":"03-06 16:59:23 +05:30","type":"err","process_id":1,"app_name":"PROJECT_NAME"}
{"message":"WARNING: See https://github.com/lorenwest/node-config/wiki/Strict-Mode\n","timestamp":"03-06 16:59:23 +05:30","type":"err","process_id":1,"app_name":"PROJECT_NAME"}
{"message":"WARNING: No configurations found in configuration directory:/Users/atulkumar/Metyis_Trip_Service/src/config\n","timestamp":"03-06 16:59:23 +05:30","type":"err","process_id":1,"app_name":"PROJECT_NAME"}
{"message":"WARNING: To disable this warning set SUPPRESS_NO_CONFIG_WARNING in the environment.\n","timestamp":"03-06 16:59:23 +05:30","type":"err","process_id":1,"app_name":"PROJECT_NAME"}
{"message":"WARNING: NODE_APP_INSTANCE value of '0' did not match any instance config file names.\n","timestamp":"03-06 16:59:23 +05:30","type":"err","process_id":0,"app_name":"PROJECT_NAME"}
{"message":"WARNING: See https://github.com/lorenwest/node-config/wiki/Strict-Mode\n","timestamp":"03-06 16:59:23 +05:30","type":"err","process_id":0,"app_name":"PROJECT_NAME"}
{"message":"WARNING: No configurations found in configuration directory:/Users/atulkumar/Metyis_Trip_Service/src/config\n","timestamp":"03-06 16:59:23 +05:30","type":"err","process_id":0,"app_name":"PROJECT_NAME"}
{"message":"WARNING: To disable this warning set SUPPRESS_NO_CONFIG_WARNING in the environment.\n","timestamp":"03-06 16:59:23 +05:30","type":"err","process_id":0,"app_name":"PROJECT_NAME"}
{"message":"WARNING: NODE_APP_INSTANCE value of '1' did not match any instance config file names.\n","timestamp":"03-06 16:59:23 +05:30","type":"err","process_id":1,"app_name":"PROJECT_NAME"}
{"message":"WARNING: See https://github.com/lorenwest/node-config/wiki/Strict-Mode\n","timestamp":"03-06 16:59:23 +05:30","type":"err","process_id":1,"app_name":"PROJECT_NAME"}
{"message":"WARNING: No configurations found in configuration directory:/Users/atulkumar/Metyis_Trip_Service/src/config\n","timestamp":"03-06 16:59:23 +05:30","type":"err","process_id":1,"app_name":"PROJECT_NAME"}
{"message":"WARNING: To disable this warning set SUPPRESS_NO_CONFIG_WARNING in the environment.\n","timestamp":"03-06 16:59:23 +05:30","type":"err","process_id":1,"app_name":"PROJECT_NAME"}
{"message":"WARNING: NODE_APP_INSTANCE value of '0' did not match any instance config file names.\n","timestamp":"03-06 16:59:23 +05:30","type":"err","process_id":0,"app_name":"PROJECT_NAME"}
{"message":"WARNING: See https://github.com/lorenwest/node-config/wiki/Strict-Mode\n","timestamp":"03-06 16:59:23 +05:30","type":"err","process_id":0,"app_name":"PROJECT_NAME"}
{"message":"WARNING: No configurations found in configuration directory:/Users/atulkumar/Metyis_Trip_Service/src/config\n","timestamp":"03-06 16:59:23 +05:30","type":"err","process_id":0,"app_name":"PROJECT_NAME"}
{"message":"WARNING: To disable this warning set SUPPRESS_NO_CONFIG_WARNING in the environment.\n","timestamp":"03-06 16:59:23 +05:30","type":"err","process_id":0,"app_name":"PROJECT_NAME"}
{"message":"WARNING: NODE_APP_INSTANCE value of '1' did not match any instance config file names.\n","timestamp":"03-06 16:59:23 +05:30","type":"err","process_id":1,"app_name":"PROJECT_NAME"}
{"message":"WARNING: See https://github.com/lorenwest/node-config/wiki/Strict-Mode\n","timestamp":"03-06 16:59:23 +05:30","type":"err","process_id":1,"app_name":"PROJECT_NAME"}
{"message":"WARNING: No configurations found in configuration directory:/Users/atulkumar/Metyis_Trip_Service/src/config\n","timestamp":"03-06 16:59:23 +05:30","type":"err","process_id":1,"app_name":"PROJECT_NAME"}
{"message":"WARNING: To disable this warning set SUPPRESS_NO_CONFIG_WARNING in the environment.\n","timestamp":"03-06 16:59:23 +05:30","type":"err","process_id":1,"app_name":"PROJECT_NAME"}
{"message":"WARNING: NODE_APP_INSTANCE value of '1' did not match any instance config file names.\n","timestamp":"03-06 16:59:23 +05:30","type":"err","process_id":1,"app_name":"PROJECT_NAME"}
{"message":"WARNING: See https://github.com/lorenwest/node-config/wiki/Strict-Mode\n","timestamp":"03-06 16:59:23 +05:30","type":"err","process_id":1,"app_name":"PROJECT_NAME"}
{"message":"WARNING: No configurations found in configuration directory:/Users/atulkumar/Metyis_Trip_Service/src/config\n","timestamp":"03-06 16:59:23 +05:30","type":"err","process_id":1,"app_name":"PROJECT_NAME"}
{"message":"WARNING: To disable this warning set SUPPRESS_NO_CONFIG_WARNING in the environment.\n","timestamp":"03-06 16:59:23 +05:30","type":"err","process_id":1,"app_name":"PROJECT_NAME"}
{"message":"WARNING: NODE_APP_INSTANCE value of '0' did not match any instance config file names.\n","timestamp":"03-06 16:59:23 +05:30","type":"err","process_id":0,"app_name":"PROJECT_NAME"}
{"message":"WARNING: See https://github.com/lorenwest/node-config/wiki/Strict-Mode\n","timestamp":"03-06 16:59:23 +05:30","type":"err","process_id":0,"app_name":"PROJECT_NAME"}
{"message":"WARNING: No configurations found in configuration directory:/Users/atulkumar/Metyis_Trip_Service/src/config\n","timestamp":"03-06 16:59:23 +05:30","type":"err","process_id":0,"app_name":"PROJECT_NAME"}
{"message":"WARNING: To disable this warning set SUPPRESS_NO_CONFIG_WARNING in the environment.\n","timestamp":"03-06 16:59:23 +05:30","type":"err","process_id":0,"app_name":"PROJECT_NAME"}
{"message":"WARNING: NODE_APP_INSTANCE value of '1' did not match any instance config file names.\n","timestamp":"03-06 16:59:23 +05:30","type":"err","process_id":1,"app_name":"PROJECT_NAME"}
{"message":"WARNING: See https://github.com/lorenwest/node-config/wiki/Strict-Mode\n","timestamp":"03-06 16:59:23 +05:30","type":"err","process_id":1,"app_name":"PROJECT_NAME"}
{"message":"WARNING: No configurations found in configuration directory:/Users/atulkumar/Metyis_Trip_Service/src/config\n","timestamp":"03-06 16:59:23 +05:30","type":"err","process_id":1,"app_name":"PROJECT_NAME"}
{"message":"WARNING: To disable this warning set SUPPRESS_NO_CONFIG_WARNING in the environment.\n","timestamp":"03-06 16:59:23 +05:30","type":"err","process_id":1,"app_name":"PROJECT_NAME"}
{"message":"WARNING: NODE_APP_INSTANCE value of '0' did not match any instance config file names.\n","timestamp":"03-06 16:59:23 +05:30","type":"err","process_id":0,"app_name":"PROJECT_NAME"}
{"message":"WARNING: See https://github.com/lorenwest/node-config/wiki/Strict-Mode\n","timestamp":"03-06 16:59:23 +05:30","type":"err","process_id":0,"app_name":"PROJECT_NAME"}
{"message":"WARNING: No configurations found in configuration directory:/Users/atulkumar/Metyis_Trip_Service/src/config\n","timestamp":"03-06 16:59:23 +05:30","type":"err","process_id":0,"app_name":"PROJECT_NAME"}
{"message":"WARNING: To disable this warning set SUPPRESS_NO_CONFIG_WARNING in the environment.\n","timestamp":"03-06 16:59:23 +05:30","type":"err","process_id":0,"app_name":"PROJECT_NAME"}
{"message":"WARNING: NODE_APP_INSTANCE value of '0' did not match any instance config file names.\n","timestamp":"03-06 16:59:23 +05:30","type":"err","process_id":0,"app_name":"PROJECT_NAME"}
{"message":"WARNING: See https://github.com/lorenwest/node-config/wiki/Strict-Mode\n","timestamp":"03-06 16:59:23 +05:30","type":"err","process_id":0,"app_name":"PROJECT_NAME"}
{"message":"WARNING: No configurations found in configuration directory:/Users/atulkumar/Metyis_Trip_Service/src/config\n","timestamp":"03-06 16:59:23 +05:30","type":"err","process_id":0,"app_name":"PROJECT_NAME"}
{"message":"WARNING: To disable this warning set SUPPRESS_NO_CONFIG_WARNING in the environment.\n","timestamp":"03-06 16:59:23 +05:30","type":"err","process_id":0,"app_name":"PROJECT_NAME"}
{"message":"WARNING: NODE_APP_INSTANCE value of '1' did not match any instance config file names.\n","timestamp":"03-06 16:59:23 +05:30","type":"err","process_id":1,"app_name":"PROJECT_NAME"}
{"message":"WARNING: See https://github.com/lorenwest/node-config/wiki/Strict-Mode\n","timestamp":"03-06 16:59:23 +05:30","type":"err","process_id":1,"app_name":"PROJECT_NAME"}
{"message":"WARNING: No configurations found in configuration directory:/Users/atulkumar/Metyis_Trip_Service/src/config\n","timestamp":"03-06 16:59:23 +05:30","type":"err","process_id":1,"app_name":"PROJECT_NAME"}
{"message":"WARNING: To disable this warning set SUPPRESS_NO_CONFIG_WARNING in the environment.\n","timestamp":"03-06 16:59:23 +05:30","type":"err","process_id":1,"app_name":"PROJECT_NAME"}
{"message":"WARNING: NODE_APP_INSTANCE value of '1' did not match any instance config file names.\n","timestamp":"03-06 17:00:44 +05:30","type":"err","process_id":1,"app_name":"PROJECT_NAME"}
{"message":"WARNING: See https://github.com/lorenwest/node-config/wiki/Strict-Mode\n","timestamp":"03-06 17:00:44 +05:30","type":"err","process_id":1,"app_name":"PROJECT_NAME"}
{"message":"WARNING: No configurations found in configuration directory:/Users/atulkumar/Metyis_Trip_Service/src/config\n","timestamp":"03-06 17:00:44 +05:30","type":"err","process_id":1,"app_name":"PROJECT_NAME"}
{"message":"WARNING: To disable this warning set SUPPRESS_NO_CONFIG_WARNING in the environment.\n","timestamp":"03-06 17:00:44 +05:30","type":"err","process_id":1,"app_name":"PROJECT_NAME"}
{"message":"WARNING: NODE_APP_INSTANCE value of '0' did not match any instance config file names.\n","timestamp":"03-06 17:00:44 +05:30","type":"err","process_id":0,"app_name":"PROJECT_NAME"}
{"message":"WARNING: See https://github.com/lorenwest/node-config/wiki/Strict-Mode\n","timestamp":"03-06 17:00:44 +05:30","type":"err","process_id":0,"app_name":"PROJECT_NAME"}
{"message":"WARNING: No configurations found in configuration directory:/Users/atulkumar/Metyis_Trip_Service/src/config\n","timestamp":"03-06 17:00:44 +05:30","type":"err","process_id":0,"app_name":"PROJECT_NAME"}
{"message":"WARNING: To disable this warning set SUPPRESS_NO_CONFIG_WARNING in the environment.\n","timestamp":"03-06 17:00:44 +05:30","type":"err","process_id":0,"app_name":"PROJECT_NAME"}
{"message":"WARNING: NODE_APP_INSTANCE value of '1' did not match any instance config file names.\n","timestamp":"03-06 17:00:59 +05:30","type":"err","process_id":1,"app_name":"PROJECT_NAME"}
{"message":"WARNING: See https://github.com/lorenwest/node-config/wiki/Strict-Mode\n","timestamp":"03-06 17:00:59 +05:30","type":"err","process_id":1,"app_name":"PROJECT_NAME"}
{"message":"WARNING: No configurations found in configuration directory:/Users/atulkumar/Metyis_Trip_Service/src/config\n","timestamp":"03-06 17:00:59 +05:30","type":"err","process_id":1,"app_name":"PROJECT_NAME"}
{"message":"WARNING: To disable this warning set SUPPRESS_NO_CONFIG_WARNING in the environment.\n","timestamp":"03-06 17:00:59 +05:30","type":"err","process_id":1,"app_name":"PROJECT_NAME"}
{"message":"WARNING: NODE_APP_INSTANCE value of '0' did not match any instance config file names.\n","timestamp":"03-06 17:00:59 +05:30","type":"err","process_id":0,"app_name":"PROJECT_NAME"}
{"message":"WARNING: See https://github.com/lorenwest/node-config/wiki/Strict-Mode\n","timestamp":"03-06 17:00:59 +05:30","type":"err","process_id":0,"app_name":"PROJECT_NAME"}
{"message":"WARNING: No configurations found in configuration directory:/Users/atulkumar/Metyis_Trip_Service/src/config\n","timestamp":"03-06 17:00:59 +05:30","type":"err","process_id":0,"app_name":"PROJECT_NAME"}
{"message":"WARNING: To disable this warning set SUPPRESS_NO_CONFIG_WARNING in the environment.\n","timestamp":"03-06 17:00:59 +05:30","type":"err","process_id":0,"app_name":"PROJECT_NAME"}
{"message":"WARNING: NODE_APP_INSTANCE value of '0' did not match any instance config file names.\n","timestamp":"03-06 17:01:28 +05:30","type":"err","process_id":0,"app_name":"PROJECT_NAME"}
{"message":"WARNING: See https://github.com/lorenwest/node-config/wiki/Strict-Mode\n","timestamp":"03-06 17:01:28 +05:30","type":"err","process_id":0,"app_name":"PROJECT_NAME"}
{"message":"WARNING: No configurations found in configuration directory:/Users/atulkumar/Metyis_Trip_Service/src/config\n","timestamp":"03-06 17:01:28 +05:30","type":"err","process_id":0,"app_name":"PROJECT_NAME"}
{"message":"WARNING: To disable this warning set SUPPRESS_NO_CONFIG_WARNING in the environment.\n","timestamp":"03-06 17:01:28 +05:30","type":"err","process_id":0,"app_name":"PROJECT_NAME"}
{"message":"WARNING: NODE_APP_INSTANCE value of '1' did not match any instance config file names.\n","timestamp":"03-06 17:01:28 +05:30","type":"err","process_id":1,"app_name":"PROJECT_NAME"}
{"message":"WARNING: See https://github.com/lorenwest/node-config/wiki/Strict-Mode\n","timestamp":"03-06 17:01:28 +05:30","type":"err","process_id":1,"app_name":"PROJECT_NAME"}
{"message":"WARNING: No configurations found in configuration directory:/Users/atulkumar/Metyis_Trip_Service/src/config\n","timestamp":"03-06 17:01:28 +05:30","type":"err","process_id":1,"app_name":"PROJECT_NAME"}
{"message":"WARNING: To disable this warning set SUPPRESS_NO_CONFIG_WARNING in the environment.\n","timestamp":"03-06 17:01:28 +05:30","type":"err","process_id":1,"app_name":"PROJECT_NAME"}
{"message":"WARNING: NODE_APP_INSTANCE value of '0' did not match any instance config file names.\n","timestamp":"03-06 18:01:43 +05:30","type":"err","process_id":0,"app_name":"PROJECT_NAME"}
{"message":"WARNING: See https://github.com/lorenwest/node-config/wiki/Strict-Mode\n","timestamp":"03-06 18:01:43 +05:30","type":"err","process_id":0,"app_name":"PROJECT_NAME"}
{"message":"WARNING: No configurations found in configuration directory:/Users/atulkumar/Metyis_Trip_Service/src/config\n","timestamp":"03-06 18:01:43 +05:30","type":"err","process_id":0,"app_name":"PROJECT_NAME"}
{"message":"WARNING: To disable this warning set SUPPRESS_NO_CONFIG_WARNING in the environment.\n","timestamp":"03-06 18:01:43 +05:30","type":"err","process_id":0,"app_name":"PROJECT_NAME"}
{"message":"WARNING: NODE_APP_INSTANCE value of '1' did not match any instance config file names.\n","timestamp":"03-06 18:01:43 +05:30","type":"err","process_id":1,"app_name":"PROJECT_NAME"}
{"message":"WARNING: See https://github.com/lorenwest/node-config/wiki/Strict-Mode\n","timestamp":"03-06 18:01:43 +05:30","type":"err","process_id":1,"app_name":"PROJECT_NAME"}
{"message":"WARNING: No configurations found in configuration directory:/Users/atulkumar/Metyis_Trip_Service/src/config\n","timestamp":"03-06 18:01:43 +05:30","type":"err","process_id":1,"app_name":"PROJECT_NAME"}
{"message":"WARNING: To disable this warning set SUPPRESS_NO_CONFIG_WARNING in the environment.\n","timestamp":"03-06 18:01:43 +05:30","type":"err","process_id":1,"app_name":"PROJECT_NAME"}
{"message":"WARNING: NODE_APP_INSTANCE value of '0' did not match any instance config file names.\n","timestamp":"03-06 18:02:05 +05:30","type":"err","process_id":0,"app_name":"PROJECT_NAME"}
{"message":"WARNING: See https://github.com/lorenwest/node-config/wiki/Strict-Mode\n","timestamp":"03-06 18:02:05 +05:30","type":"err","process_id":0,"app_name":"PROJECT_NAME"}
{"message":"WARNING: No configurations found in configuration directory:/Users/atulkumar/Metyis_Trip_Service/src/config\n","timestamp":"03-06 18:02:05 +05:30","type":"err","process_id":0,"app_name":"PROJECT_NAME"}
{"message":"WARNING: To disable this warning set SUPPRESS_NO_CONFIG_WARNING in the environment.\n","timestamp":"03-06 18:02:05 +05:30","type":"err","process_id":0,"app_name":"PROJECT_NAME"}
{"message":"WARNING: NODE_APP_INSTANCE value of '1' did not match any instance config file names.\n","timestamp":"03-06 18:02:05 +05:30","type":"err","process_id":1,"app_name":"PROJECT_NAME"}
{"message":"WARNING: See https://github.com/lorenwest/node-config/wiki/Strict-Mode\n","timestamp":"03-06 18:02:05 +05:30","type":"err","process_id":1,"app_name":"PROJECT_NAME"}
{"message":"WARNING: No configurations found in configuration directory:/Users/atulkumar/Metyis_Trip_Service/src/config\n","timestamp":"03-06 18:02:05 +05:30","type":"err","process_id":1,"app_name":"PROJECT_NAME"}
{"message":"WARNING: To disable this warning set SUPPRESS_NO_CONFIG_WARNING in the environment.\n","timestamp":"03-06 18:02:05 +05:30","type":"err","process_id":1,"app_name":"PROJECT_NAME"}
{"message":"WARNING: NODE_APP_INSTANCE value of '0' did not match any instance config file names.\n","timestamp":"03-06 18:03:18 +05:30","type":"err","process_id":0,"app_name":"PROJECT_NAME"}
{"message":"WARNING: See https://github.com/lorenwest/node-config/wiki/Strict-Mode\n","timestamp":"03-06 18:03:18 +05:30","type":"err","process_id":0,"app_name":"PROJECT_NAME"}
{"message":"WARNING: No configurations found in configuration directory:/Users/atulkumar/Metyis_Trip_Service/src/config\n","timestamp":"03-06 18:03:18 +05:30","type":"err","process_id":0,"app_name":"PROJECT_NAME"}
{"message":"WARNING: To disable this warning set SUPPRESS_NO_CONFIG_WARNING in the environment.\n","timestamp":"03-06 18:03:18 +05:30","type":"err","process_id":0,"app_name":"PROJECT_NAME"}
{"message":"WARNING: NODE_APP_INSTANCE value of '1' did not match any instance config file names.\n","timestamp":"03-06 18:03:18 +05:30","type":"err","process_id":1,"app_name":"PROJECT_NAME"}
{"message":"WARNING: See https://github.com/lorenwest/node-config/wiki/Strict-Mode\n","timestamp":"03-06 18:03:18 +05:30","type":"err","process_id":1,"app_name":"PROJECT_NAME"}
{"message":"WARNING: No configurations found in configuration directory:/Users/atulkumar/Metyis_Trip_Service/src/config\n","timestamp":"03-06 18:03:18 +05:30","type":"err","process_id":1,"app_name":"PROJECT_NAME"}
{"message":"WARNING: To disable this warning set SUPPRESS_NO_CONFIG_WARNING in the environment.\n","timestamp":"03-06 18:03:18 +05:30","type":"err","process_id":1,"app_name":"PROJECT_NAME"}
{"message":"WARNING: NODE_APP_INSTANCE value of '1' did not match any instance config file names.\n","timestamp":"03-06 18:03:44 +05:30","type":"err","process_id":1,"app_name":"PROJECT_NAME"}
{"message":"WARNING: See https://github.com/lorenwest/node-config/wiki/Strict-Mode\n","timestamp":"03-06 18:03:44 +05:30","type":"err","process_id":1,"app_name":"PROJECT_NAME"}
{"message":"WARNING: No configurations found in configuration directory:/Users/atulkumar/Metyis_Trip_Service/src/config\n","timestamp":"03-06 18:03:44 +05:30","type":"err","process_id":1,"app_name":"PROJECT_NAME"}
{"message":"WARNING: To disable this warning set SUPPRESS_NO_CONFIG_WARNING in the environment.\n","timestamp":"03-06 18:03:44 +05:30","type":"err","process_id":1,"app_name":"PROJECT_NAME"}
{"message":"WARNING: NODE_APP_INSTANCE value of '0' did not match any instance config file names.\n","timestamp":"03-06 18:03:44 +05:30","type":"err","process_id":0,"app_name":"PROJECT_NAME"}
{"message":"WARNING: See https://github.com/lorenwest/node-config/wiki/Strict-Mode\n","timestamp":"03-06 18:03:44 +05:30","type":"err","process_id":0,"app_name":"PROJECT_NAME"}
{"message":"WARNING: No configurations found in configuration directory:/Users/atulkumar/Metyis_Trip_Service/src/config\n","timestamp":"03-06 18:03:44 +05:30","type":"err","process_id":0,"app_name":"PROJECT_NAME"}
{"message":"WARNING: To disable this warning set SUPPRESS_NO_CONFIG_WARNING in the environment.\n","timestamp":"03-06 18:03:44 +05:30","type":"err","process_id":0,"app_name":"PROJECT_NAME"}
{"message":"WARNING: NODE_APP_INSTANCE value of '1' did not match any instance config file names.\n","timestamp":"03-06 18:04:47 +05:30","type":"err","process_id":1,"app_name":"PROJECT_NAME"}
{"message":"WARNING: See https://github.com/lorenwest/node-config/wiki/Strict-Mode\n","timestamp":"03-06 18:04:47 +05:30","type":"err","process_id":1,"app_name":"PROJECT_NAME"}
{"message":"WARNING: No configurations found in configuration directory:/Users/atulkumar/Metyis_Trip_Service/src/config\n","timestamp":"03-06 18:04:47 +05:30","type":"err","process_id":1,"app_name":"PROJECT_NAME"}
{"message":"WARNING: To disable this warning set SUPPRESS_NO_CONFIG_WARNING in the environment.\n","timestamp":"03-06 18:04:47 +05:30","type":"err","process_id":1,"app_name":"PROJECT_NAME"}
{"message":"WARNING: NODE_APP_INSTANCE value of '0' did not match any instance config file names.\n","timestamp":"03-06 18:04:47 +05:30","type":"err","process_id":0,"app_name":"PROJECT_NAME"}
{"message":"WARNING: See https://github.com/lorenwest/node-config/wiki/Strict-Mode\n","timestamp":"03-06 18:04:47 +05:30","type":"err","process_id":0,"app_name":"PROJECT_NAME"}
{"message":"WARNING: No configurations found in configuration directory:/Users/atulkumar/Metyis_Trip_Service/src/config\n","timestamp":"03-06 18:04:47 +05:30","type":"err","process_id":0,"app_name":"PROJECT_NAME"}
{"message":"WARNING: To disable this warning set SUPPRESS_NO_CONFIG_WARNING in the environment.\n","timestamp":"03-06 18:04:47 +05:30","type":"err","process_id":0,"app_name":"PROJECT_NAME"}
{"message":"WARNING: NODE_APP_INSTANCE value of '1' did not match any instance config file names.\n","timestamp":"03-06 18:05:48 +05:30","type":"err","process_id":1,"app_name":"PROJECT_NAME"}
{"message":"WARNING: See https://github.com/lorenwest/node-config/wiki/Strict-Mode\n","timestamp":"03-06 18:05:48 +05:30","type":"err","process_id":1,"app_name":"PROJECT_NAME"}
{"message":"WARNING: No configurations found in configuration directory:/Users/atulkumar/Metyis_Trip_Service/src/config\n","timestamp":"03-06 18:05:48 +05:30","type":"err","process_id":1,"app_name":"PROJECT_NAME"}
{"message":"WARNING: To disable this warning set SUPPRESS_NO_CONFIG_WARNING in the environment.\n","timestamp":"03-06 18:05:48 +05:30","type":"err","process_id":1,"app_name":"PROJECT_NAME"}
{"message":"WARNING: NODE_APP_INSTANCE value of '0' did not match any instance config file names.\n","timestamp":"03-06 18:05:48 +05:30","type":"err","process_id":0,"app_name":"PROJECT_NAME"}
{"message":"WARNING: See https://github.com/lorenwest/node-config/wiki/Strict-Mode\n","timestamp":"03-06 18:05:48 +05:30","type":"err","process_id":0,"app_name":"PROJECT_NAME"}
{"message":"WARNING: No configurations found in configuration directory:/Users/atulkumar/Metyis_Trip_Service/src/config\n","timestamp":"03-06 18:05:48 +05:30","type":"err","process_id":0,"app_name":"PROJECT_NAME"}
{"message":"WARNING: To disable this warning set SUPPRESS_NO_CONFIG_WARNING in the environment.\n","timestamp":"03-06 18:05:48 +05:30","type":"err","process_id":0,"app_name":"PROJECT_NAME"}
{"message":"WARNING: NODE_APP_INSTANCE value of '0' did not match any instance config file names.\n","timestamp":"03-06 18:06:36 +05:30","type":"err","process_id":2,"app_name":"MTMS"}
{"message":"WARNING: See https://github.com/lorenwest/node-config/wiki/Strict-Mode\n","timestamp":"03-06 18:06:36 +05:30","type":"err","process_id":2,"app_name":"MTMS"}
{"message":"WARNING: No configurations found in configuration directory:/Users/atulkumar/Metyis_Trip_Service/src/config\n","timestamp":"03-06 18:06:36 +05:30","type":"err","process_id":2,"app_name":"MTMS"}
{"message":"WARNING: To disable this warning set SUPPRESS_NO_CONFIG_WARNING in the environment.\n","timestamp":"03-06 18:06:36 +05:30","type":"err","process_id":2,"app_name":"MTMS"}
{"message":"WARNING: NODE_APP_INSTANCE value of '1' did not match any instance config file names.\n","timestamp":"03-06 18:06:36 +05:30","type":"err","process_id":3,"app_name":"MTMS"}
{"message":"WARNING: See https://github.com/lorenwest/node-config/wiki/Strict-Mode\n","timestamp":"03-06 18:06:36 +05:30","type":"err","process_id":3,"app_name":"MTMS"}
{"message":"WARNING: No configurations found in configuration directory:/Users/atulkumar/Metyis_Trip_Service/src/config\n","timestamp":"03-06 18:06:36 +05:30","type":"err","process_id":3,"app_name":"MTMS"}
{"message":"WARNING: To disable this warning set SUPPRESS_NO_CONFIG_WARNING in the environment.\n","timestamp":"03-06 18:06:36 +05:30","type":"err","process_id":3,"app_name":"MTMS"}
{"message":"WARNING: NODE_APP_INSTANCE value of '0' did not match any instance config file names.\n","timestamp":"03-06 18:08:52 +05:30","type":"err","process_id":2,"app_name":"MTMS"}
{"message":"WARNING: See https://github.com/lorenwest/node-config/wiki/Strict-Mode\n","timestamp":"03-06 18:08:52 +05:30","type":"err","process_id":2,"app_name":"MTMS"}
{"message":"WARNING: No configurations found in configuration directory:/Users/atulkumar/Metyis_Trip_Service/src/config\n","timestamp":"03-06 18:08:52 +05:30","type":"err","process_id":2,"app_name":"MTMS"}
{"message":"WARNING: To disable this warning set SUPPRESS_NO_CONFIG_WARNING in the environment.\n","timestamp":"03-06 18:08:52 +05:30","type":"err","process_id":2,"app_name":"MTMS"}
{"message":"WARNING: NODE_APP_INSTANCE value of '1' did not match any instance config file names.\n","timestamp":"03-06 18:08:52 +05:30","type":"err","process_id":3,"app_name":"MTMS"}
{"message":"WARNING: See https://github.com/lorenwest/node-config/wiki/Strict-Mode\n","timestamp":"03-06 18:08:52 +05:30","type":"err","process_id":3,"app_name":"MTMS"}
{"message":"WARNING: No configurations found in configuration directory:/Users/atulkumar/Metyis_Trip_Service/src/config\n","timestamp":"03-06 18:08:52 +05:30","type":"err","process_id":3,"app_name":"MTMS"}
{"message":"WARNING: To disable this warning set SUPPRESS_NO_CONFIG_WARNING in the environment.\n","timestamp":"03-06 18:08:52 +05:30","type":"err","process_id":3,"app_name":"MTMS"}
{"message":"WARNING: NODE_APP_INSTANCE value of '1' did not match any instance config file names.\n","timestamp":"03-06 18:10:13 +05:30","type":"err","process_id":3,"app_name":"MTMS"}
{"message":"WARNING: See https://github.com/lorenwest/node-config/wiki/Strict-Mode\n","timestamp":"03-06 18:10:13 +05:30","type":"err","process_id":3,"app_name":"MTMS"}
{"message":"WARNING: No configurations found in configuration directory:/Users/atulkumar/Metyis_Trip_Service/src/config\n","timestamp":"03-06 18:10:13 +05:30","type":"err","process_id":3,"app_name":"MTMS"}
{"message":"WARNING: To disable this warning set SUPPRESS_NO_CONFIG_WARNING in the environment.\n","timestamp":"03-06 18:10:13 +05:30","type":"err","process_id":3,"app_name":"MTMS"}
{"message":"WARNING: NODE_APP_INSTANCE value of '0' did not match any instance config file names.\n","timestamp":"03-06 18:10:13 +05:30","type":"err","process_id":2,"app_name":"MTMS"}
{"message":"WARNING: See https://github.com/lorenwest/node-config/wiki/Strict-Mode\n","timestamp":"03-06 18:10:13 +05:30","type":"err","process_id":2,"app_name":"MTMS"}
{"message":"WARNING: No configurations found in configuration directory:/Users/atulkumar/Metyis_Trip_Service/src/config\n","timestamp":"03-06 18:10:13 +05:30","type":"err","process_id":2,"app_name":"MTMS"}
{"message":"WARNING: To disable this warning set SUPPRESS_NO_CONFIG_WARNING in the environment.\n","timestamp":"03-06 18:10:13 +05:30","type":"err","process_id":2,"app_name":"MTMS"}
{"message":"WARNING: NODE_APP_INSTANCE value of '0' did not match any instance config file names.\n","timestamp":"03-06 18:11:21 +05:30","type":"err","process_id":2,"app_name":"MTMS"}
{"message":"WARNING: See https://github.com/lorenwest/node-config/wiki/Strict-Mode\n","timestamp":"03-06 18:11:21 +05:30","type":"err","process_id":2,"app_name":"MTMS"}
{"message":"WARNING: No configurations found in configuration directory:/Users/atulkumar/Metyis_Trip_Service/src/config\n","timestamp":"03-06 18:11:21 +05:30","type":"err","process_id":2,"app_name":"MTMS"}
{"message":"WARNING: To disable this warning set SUPPRESS_NO_CONFIG_WARNING in the environment.\n","timestamp":"03-06 18:11:21 +05:30","type":"err","process_id":2,"app_name":"MTMS"}
{"message":"WARNING: NODE_APP_INSTANCE value of '1' did not match any instance config file names.\n","timestamp":"03-06 18:11:21 +05:30","type":"err","process_id":3,"app_name":"MTMS"}
{"message":"WARNING: See https://github.com/lorenwest/node-config/wiki/Strict-Mode\n","timestamp":"03-06 18:11:21 +05:30","type":"err","process_id":3,"app_name":"MTMS"}
{"message":"WARNING: No configurations found in configuration directory:/Users/atulkumar/Metyis_Trip_Service/src/config\n","timestamp":"03-06 18:11:21 +05:30","type":"err","process_id":3,"app_name":"MTMS"}
{"message":"WARNING: To disable this warning set SUPPRESS_NO_CONFIG_WARNING in the environment.\n","timestamp":"03-06 18:11:21 +05:30","type":"err","process_id":3,"app_name":"MTMS"}
{"message":"WARNING: NODE_APP_INSTANCE value of '1' did not match any instance config file names.\n","timestamp":"03-06 18:12:40 +05:30","type":"err","process_id":1,"app_name":"MTMS"}
{"message":"WARNING: See https://github.com/lorenwest/node-config/wiki/Strict-Mode\n","timestamp":"03-06 18:12:40 +05:30","type":"err","process_id":1,"app_name":"MTMS"}
{"message":"WARNING: No configurations found in configuration directory:/Users/atulkumar/Metyis_Trip_Service/src/config\n","timestamp":"03-06 18:12:40 +05:30","type":"err","process_id":1,"app_name":"MTMS"}
{"message":"WARNING: To disable this warning set SUPPRESS_NO_CONFIG_WARNING in the environment.\n","timestamp":"03-06 18:12:40 +05:30","type":"err","process_id":1,"app_name":"MTMS"}
{"message":"WARNING: NODE_APP_INSTANCE value of '0' did not match any instance config file names.\n","timestamp":"03-06 18:12:40 +05:30","type":"err","process_id":0,"app_name":"MTMS"}
{"message":"WARNING: See https://github.com/lorenwest/node-config/wiki/Strict-Mode\n","timestamp":"03-06 18:12:40 +05:30","type":"err","process_id":0,"app_name":"MTMS"}
{"message":"WARNING: No configurations found in configuration directory:/Users/atulkumar/Metyis_Trip_Service/src/config\n","timestamp":"03-06 18:12:40 +05:30","type":"err","process_id":0,"app_name":"MTMS"}
{"message":"WARNING: To disable this warning set SUPPRESS_NO_CONFIG_WARNING in the environment.\n","timestamp":"03-06 18:12:40 +05:30","type":"err","process_id":0,"app_name":"MTMS"}
{"message":"WARNING: NODE_APP_INSTANCE value of '1' did not match any instance config file names.\n","timestamp":"03-06 18:12:59 +05:30","type":"err","process_id":3,"app_name":"MTMS"}
{"message":"WARNING: See https://github.com/lorenwest/node-config/wiki/Strict-Mode\n","timestamp":"03-06 18:12:59 +05:30","type":"err","process_id":3,"app_name":"MTMS"}
{"message":"WARNING: No configurations found in configuration directory:/Users/atulkumar/Metyis_Trip_Service/src/config\n","timestamp":"03-06 18:12:59 +05:30","type":"err","process_id":3,"app_name":"MTMS"}
{"message":"WARNING: To disable this warning set SUPPRESS_NO_CONFIG_WARNING in the environment.\n","timestamp":"03-06 18:12:59 +05:30","type":"err","process_id":3,"app_name":"MTMS"}
{"message":"WARNING: NODE_APP_INSTANCE value of '0' did not match any instance config file names.\n","timestamp":"03-06 18:12:59 +05:30","type":"err","process_id":2,"app_name":"MTMS"}
{"message":"WARNING: See https://github.com/lorenwest/node-config/wiki/Strict-Mode\n","timestamp":"03-06 18:12:59 +05:30","type":"err","process_id":2,"app_name":"MTMS"}
{"message":"WARNING: No configurations found in configuration directory:/Users/atulkumar/Metyis_Trip_Service/src/config\n","timestamp":"03-06 18:12:59 +05:30","type":"err","process_id":2,"app_name":"MTMS"}
{"message":"WARNING: To disable this warning set SUPPRESS_NO_CONFIG_WARNING in the environment.\n","timestamp":"03-06 18:12:59 +05:30","type":"err","process_id":2,"app_name":"MTMS"}
{"message":"WARNING: NODE_APP_INSTANCE value of '0' did not match any instance config file names.\n","timestamp":"03-06 18:13:09 +05:30","type":"err","process_id":2,"app_name":"MTMS"}
{"message":"WARNING: See https://github.com/lorenwest/node-config/wiki/Strict-Mode\n","timestamp":"03-06 18:13:09 +05:30","type":"err","process_id":2,"app_name":"MTMS"}
{"message":"WARNING: No configurations found in configuration directory:/Users/atulkumar/Metyis_Trip_Service/src/config\n","timestamp":"03-06 18:13:09 +05:30","type":"err","process_id":2,"app_name":"MTMS"}
{"message":"WARNING: To disable this warning set SUPPRESS_NO_CONFIG_WARNING in the environment.\n","timestamp":"03-06 18:13:09 +05:30","type":"err","process_id":2,"app_name":"MTMS"}
{"message":"WARNING: NODE_APP_INSTANCE value of '1' did not match any instance config file names.\n","timestamp":"03-06 18:13:09 +05:30","type":"err","process_id":3,"app_name":"MTMS"}
{"message":"WARNING: See https://github.com/lorenwest/node-config/wiki/Strict-Mode\n","timestamp":"03-06 18:13:09 +05:30","type":"err","process_id":3,"app_name":"MTMS"}
{"message":"WARNING: No configurations found in configuration directory:/Users/atulkumar/Metyis_Trip_Service/src/config\n","timestamp":"03-06 18:13:09 +05:30","type":"err","process_id":3,"app_name":"MTMS"}
{"message":"WARNING: To disable this warning set SUPPRESS_NO_CONFIG_WARNING in the environment.\n","timestamp":"03-06 18:13:09 +05:30","type":"err","process_id":3,"app_name":"MTMS"}
{"message":"WARNING: NODE_APP_INSTANCE value of '0' did not match any instance config file names.\n","timestamp":"03-06 18:13:40 +05:30","type":"err","process_id":0,"app_name":"PROJECT_NAME"}
{"message":"WARNING: See https://github.com/lorenwest/node-config/wiki/Strict-Mode\n","timestamp":"03-06 18:13:40 +05:30","type":"err","process_id":0,"app_name":"PROJECT_NAME"}
{"message":"WARNING: No configurations found in configuration directory:/Users/atulkumar/Metyis_Trip_Service/src/config\n","timestamp":"03-06 18:13:40 +05:30","type":"err","process_id":0,"app_name":"PROJECT_NAME"}
{"message":"WARNING: To disable this warning set SUPPRESS_NO_CONFIG_WARNING in the environment.\n","timestamp":"03-06 18:13:40 +05:30","type":"err","process_id":0,"app_name":"PROJECT_NAME"}
{"message":"WARNING: NODE_APP_INSTANCE value of '1' did not match any instance config file names.\n","timestamp":"03-06 18:13:40 +05:30","type":"err","process_id":3,"app_name":"MTMS"}
{"message":"WARNING: See https://github.com/lorenwest/node-config/wiki/Strict-Mode\n","timestamp":"03-06 18:13:40 +05:30","type":"err","process_id":3,"app_name":"MTMS"}
{"message":"WARNING: No configurations found in configuration directory:/Users/atulkumar/Metyis_Trip_Service/src/config\n","timestamp":"03-06 18:13:40 +05:30","type":"err","process_id":3,"app_name":"MTMS"}
{"message":"WARNING: To disable this warning set SUPPRESS_NO_CONFIG_WARNING in the environment.\n","timestamp":"03-06 18:13:40 +05:30","type":"err","process_id":3,"app_name":"MTMS"}
{"message":"WARNING: NODE_APP_INSTANCE value of '1' did not match any instance config file names.\n","timestamp":"03-06 18:13:40 +05:30","type":"err","process_id":1,"app_name":"PROJECT_NAME"}
{"message":"WARNING: See https://github.com/lorenwest/node-config/wiki/Strict-Mode\n","timestamp":"03-06 18:13:40 +05:30","type":"err","process_id":1,"app_name":"PROJECT_NAME"}
{"message":"WARNING: No configurations found in configuration directory:/Users/atulkumar/Metyis_Trip_Service/src/config\n","timestamp":"03-06 18:13:40 +05:30","type":"err","process_id":1,"app_name":"PROJECT_NAME"}
{"message":"WARNING: To disable this warning set SUPPRESS_NO_CONFIG_WARNING in the environment.\n","timestamp":"03-06 18:13:40 +05:30","type":"err","process_id":1,"app_name":"PROJECT_NAME"}
{"message":"WARNING: NODE_APP_INSTANCE value of '0' did not match any instance config file names.\n","timestamp":"03-06 18:13:40 +05:30","type":"err","process_id":2,"app_name":"MTMS"}
{"message":"WARNING: See https://github.com/lorenwest/node-config/wiki/Strict-Mode\n","timestamp":"03-06 18:13:40 +05:30","type":"err","process_id":2,"app_name":"MTMS"}
{"message":"WARNING: No configurations found in configuration directory:/Users/atulkumar/Metyis_Trip_Service/src/config\n","timestamp":"03-06 18:13:40 +05:30","type":"err","process_id":2,"app_name":"MTMS"}
{"message":"WARNING: To disable this warning set SUPPRESS_NO_CONFIG_WARNING in the environment.\n","timestamp":"03-06 18:13:40 +05:30","type":"err","process_id":2,"app_name":"MTMS"}
{"message":"WARNING: NODE_APP_INSTANCE value of '0' did not match any instance config file names.\n","timestamp":"03-06 18:13:44 +05:30","type":"err","process_id":2,"app_name":"MTMS"}
{"message":"WARNING: See https://github.com/lorenwest/node-config/wiki/Strict-Mode\n","timestamp":"03-06 18:13:44 +05:30","type":"err","process_id":2,"app_name":"MTMS"}
{"message":"WARNING: No configurations found in configuration directory:/Users/atulkumar/Metyis_Trip_Service/src/config\n","timestamp":"03-06 18:13:44 +05:30","type":"err","process_id":2,"app_name":"MTMS"}
{"message":"WARNING: To disable this warning set SUPPRESS_NO_CONFIG_WARNING in the environment.\n","timestamp":"03-06 18:13:44 +05:30","type":"err","process_id":2,"app_name":"MTMS"}
{"message":"WARNING: NODE_APP_INSTANCE value of '1' did not match any instance config file names.\n","timestamp":"03-06 18:13:44 +05:30","type":"err","process_id":3,"app_name":"MTMS"}
{"message":"WARNING: See https://github.com/lorenwest/node-config/wiki/Strict-Mode\n","timestamp":"03-06 18:13:44 +05:30","type":"err","process_id":3,"app_name":"MTMS"}
{"message":"WARNING: No configurations found in configuration directory:/Users/atulkumar/Metyis_Trip_Service/src/config\n","timestamp":"03-06 18:13:44 +05:30","type":"err","process_id":3,"app_name":"MTMS"}
{"message":"WARNING: To disable this warning set SUPPRESS_NO_CONFIG_WARNING in the environment.\n","timestamp":"03-06 18:13:44 +05:30","type":"err","process_id":3,"app_name":"MTMS"}
{"message":"WARNING: NODE_APP_INSTANCE value of '0' did not match any instance config file names.\n","timestamp":"03-06 18:15:32 +05:30","type":"err","process_id":0,"app_name":"MTMS"}
{"message":"WARNING: See https://github.com/lorenwest/node-config/wiki/Strict-Mode\n","timestamp":"03-06 18:15:32 +05:30","type":"err","process_id":0,"app_name":"MTMS"}
{"message":"WARNING: No configurations found in configuration directory:/Users/atulkumar/Metyis_Trip_Service/src/config\n","timestamp":"03-06 18:15:32 +05:30","type":"err","process_id":0,"app_name":"MTMS"}
{"message":"WARNING: To disable this warning set SUPPRESS_NO_CONFIG_WARNING in the environment.\n","timestamp":"03-06 18:15:32 +05:30","type":"err","process_id":0,"app_name":"MTMS"}
{"message":"WARNING: NODE_APP_INSTANCE value of '1' did not match any instance config file names.\n","timestamp":"03-06 18:15:32 +05:30","type":"err","process_id":1,"app_name":"MTMS"}
{"message":"WARNING: See https://github.com/lorenwest/node-config/wiki/Strict-Mode\n","timestamp":"03-06 18:15:32 +05:30","type":"err","process_id":1,"app_name":"MTMS"}
{"message":"WARNING: No configurations found in configuration directory:/Users/atulkumar/Metyis_Trip_Service/src/config\n","timestamp":"03-06 18:15:32 +05:30","type":"err","process_id":1,"app_name":"MTMS"}
{"message":"WARNING: To disable this warning set SUPPRESS_NO_CONFIG_WARNING in the environment.\n","timestamp":"03-06 18:15:32 +05:30","type":"err","process_id":1,"app_name":"MTMS"}
{"message":"WARNING: NODE_APP_INSTANCE value of '1' did not match any instance config file names.\n","timestamp":"03-06 18:17:52 +05:30","type":"err","process_id":1,"app_name":"MTMS"}
{"message":"WARNING: See https://github.com/lorenwest/node-config/wiki/Strict-Mode\n","timestamp":"03-06 18:17:52 +05:30","type":"err","process_id":1,"app_name":"MTMS"}
{"message":"WARNING: No configurations found in configuration directory:/Users/atulkumar/Metyis_Trip_Service/src/config\n","timestamp":"03-06 18:17:52 +05:30","type":"err","process_id":1,"app_name":"MTMS"}
{"message":"WARNING: To disable this warning set SUPPRESS_NO_CONFIG_WARNING in the environment.\n","timestamp":"03-06 18:17:52 +05:30","type":"err","process_id":1,"app_name":"MTMS"}
{"message":"WARNING: NODE_APP_INSTANCE value of '0' did not match any instance config file names.\n","timestamp":"03-06 18:17:52 +05:30","type":"err","process_id":0,"app_name":"MTMS"}
{"message":"WARNING: See https://github.com/lorenwest/node-config/wiki/Strict-Mode\n","timestamp":"03-06 18:17:52 +05:30","type":"err","process_id":0,"app_name":"MTMS"}
{"message":"WARNING: No configurations found in configuration directory:/Users/atulkumar/Metyis_Trip_Service/src/config\n","timestamp":"03-06 18:17:52 +05:30","type":"err","process_id":0,"app_name":"MTMS"}
{"message":"WARNING: To disable this warning set SUPPRESS_NO_CONFIG_WARNING in the environment.\n","timestamp":"03-06 18:17:52 +05:30","type":"err","process_id":0,"app_name":"MTMS"}
{"message":"WARNING: NODE_APP_INSTANCE value of '0' did not match any instance config file names.\n","timestamp":"03-06 18:18:10 +05:30","type":"err","process_id":0,"app_name":"MTMS"}
{"message":"WARNING: See https://github.com/lorenwest/node-config/wiki/Strict-Mode\n","timestamp":"03-06 18:18:10 +05:30","type":"err","process_id":0,"app_name":"MTMS"}
{"message":"WARNING: No configurations found in configuration directory:/Users/atulkumar/Metyis_Trip_Service/src/config\n","timestamp":"03-06 18:18:10 +05:30","type":"err","process_id":0,"app_name":"MTMS"}
{"message":"WARNING: To disable this warning set SUPPRESS_NO_CONFIG_WARNING in the environment.\n","timestamp":"03-06 18:18:10 +05:30","type":"err","process_id":0,"app_name":"MTMS"}
{"message":"WARNING: NODE_APP_INSTANCE value of '1' did not match any instance config file names.\n","timestamp":"03-06 18:18:10 +05:30","type":"err","process_id":1,"app_name":"MTMS"}
{"message":"WARNING: See https://github.com/lorenwest/node-config/wiki/Strict-Mode\n","timestamp":"03-06 18:18:10 +05:30","type":"err","process_id":1,"app_name":"MTMS"}
{"message":"WARNING: No configurations found in configuration directory:/Users/atulkumar/Metyis_Trip_Service/src/config\n","timestamp":"03-06 18:18:10 +05:30","type":"err","process_id":1,"app_name":"MTMS"}
{"message":"WARNING: To disable this warning set SUPPRESS_NO_CONFIG_WARNING in the environment.\n","timestamp":"03-06 18:18:10 +05:30","type":"err","process_id":1,"app_name":"MTMS"}
{"message":"WARNING: NODE_APP_INSTANCE value of '1' did not match any instance config file names.\n","timestamp":"03-06 18:19:09 +05:30","type":"err","process_id":1,"app_name":"MTMS"}
{"message":"WARNING: See https://github.com/lorenwest/node-config/wiki/Strict-Mode\n","timestamp":"03-06 18:19:09 +05:30","type":"err","process_id":1,"app_name":"MTMS"}
{"message":"WARNING: No configurations found in configuration directory:/Users/atulkumar/Metyis_Trip_Service/src/config\n","timestamp":"03-06 18:19:09 +05:30","type":"err","process_id":1,"app_name":"MTMS"}
{"message":"WARNING: To disable this warning set SUPPRESS_NO_CONFIG_WARNING in the environment.\n","timestamp":"03-06 18:19:09 +05:30","type":"err","process_id":1,"app_name":"MTMS"}
{"message":"WARNING: NODE_APP_INSTANCE value of '0' did not match any instance config file names.\n","timestamp":"03-06 18:19:09 +05:30","type":"err","process_id":0,"app_name":"MTMS"}
{"message":"WARNING: See https://github.com/lorenwest/node-config/wiki/Strict-Mode\n","timestamp":"03-06 18:19:09 +05:30","type":"err","process_id":0,"app_name":"MTMS"}
{"message":"WARNING: No configurations found in configuration directory:/Users/atulkumar/Metyis_Trip_Service/src/config\n","timestamp":"03-06 18:19:09 +05:30","type":"err","process_id":0,"app_name":"MTMS"}
{"message":"WARNING: To disable this warning set SUPPRESS_NO_CONFIG_WARNING in the environment.\n","timestamp":"03-06 18:19:09 +05:30","type":"err","process_id":0,"app_name":"MTMS"}
{"message":"WARNING: NODE_APP_INSTANCE value of '0' did not match any instance config file names.\n","timestamp":"03-06 18:19:35 +05:30","type":"err","process_id":0,"app_name":"MTMS"}
{"message":"WARNING: See https://github.com/lorenwest/node-config/wiki/Strict-Mode\n","timestamp":"03-06 18:19:35 +05:30","type":"err","process_id":0,"app_name":"MTMS"}
{"message":"WARNING: No configurations found in configuration directory:/Users/atulkumar/Metyis_Trip_Service/src/config\n","timestamp":"03-06 18:19:35 +05:30","type":"err","process_id":0,"app_name":"MTMS"}
{"message":"WARNING: To disable this warning set SUPPRESS_NO_CONFIG_WARNING in the environment.\n","timestamp":"03-06 18:19:35 +05:30","type":"err","process_id":0,"app_name":"MTMS"}
{"message":"WARNING: NODE_APP_INSTANCE value of '1' did not match any instance config file names.\n","timestamp":"03-06 18:19:35 +05:30","type":"err","process_id":1,"app_name":"MTMS"}
{"message":"WARNING: See https://github.com/lorenwest/node-config/wiki/Strict-Mode\n","timestamp":"03-06 18:19:35 +05:30","type":"err","process_id":1,"app_name":"MTMS"}
{"message":"WARNING: No configurations found in configuration directory:/Users/atulkumar/Metyis_Trip_Service/src/config\n","timestamp":"03-06 18:19:35 +05:30","type":"err","process_id":1,"app_name":"MTMS"}
{"message":"WARNING: To disable this warning set SUPPRESS_NO_CONFIG_WARNING in the environment.\n","timestamp":"03-06 18:19:35 +05:30","type":"err","process_id":1,"app_name":"MTMS"}
{"message":"WARNING: NODE_APP_INSTANCE value of '0' did not match any instance config file names.\n","timestamp":"03-06 18:20:04 +05:30","type":"err","process_id":0,"app_name":"MTMS"}
{"message":"WARNING: See https://github.com/lorenwest/node-config/wiki/Strict-Mode\n","timestamp":"03-06 18:20:04 +05:30","type":"err","process_id":0,"app_name":"MTMS"}
{"message":"WARNING: No configurations found in configuration directory:/Users/atulkumar/Metyis_Trip_Service/src/config\n","timestamp":"03-06 18:20:04 +05:30","type":"err","process_id":0,"app_name":"MTMS"}
{"message":"WARNING: To disable this warning set SUPPRESS_NO_CONFIG_WARNING in the environment.\n","timestamp":"03-06 18:20:04 +05:30","type":"err","process_id":0,"app_name":"MTMS"}
{"message":"WARNING: NODE_APP_INSTANCE value of '1' did not match any instance config file names.\n","timestamp":"03-06 18:20:04 +05:30","type":"err","process_id":1,"app_name":"MTMS"}
{"message":"WARNING: See https://github.com/lorenwest/node-config/wiki/Strict-Mode\n","timestamp":"03-06 18:20:04 +05:30","type":"err","process_id":1,"app_name":"MTMS"}
{"message":"WARNING: No configurations found in configuration directory:/Users/atulkumar/Metyis_Trip_Service/src/config\n","timestamp":"03-06 18:20:04 +05:30","type":"err","process_id":1,"app_name":"MTMS"}
{"message":"WARNING: To disable this warning set SUPPRESS_NO_CONFIG_WARNING in the environment.\n","timestamp":"03-06 18:20:04 +05:30","type":"err","process_id":1,"app_name":"MTMS"}
{"message":"WARNING: NODE_APP_INSTANCE value of '1' did not match any instance config file names.\n","timestamp":"03-06 18:20:30 +05:30","type":"err","process_id":3,"app_name":"MTMS1"}
{"message":"WARNING: See https://github.com/lorenwest/node-config/wiki/Strict-Mode\n","timestamp":"03-06 18:20:30 +05:30","type":"err","process_id":3,"app_name":"MTMS1"}
{"message":"WARNING: No configurations found in configuration directory:/Users/atulkumar/Metyis_Trip_Service/src/config\n","timestamp":"03-06 18:20:30 +05:30","type":"err","process_id":3,"app_name":"MTMS1"}
{"message":"WARNING: To disable this warning set SUPPRESS_NO_CONFIG_WARNING in the environment.\n","timestamp":"03-06 18:20:30 +05:30","type":"err","process_id":3,"app_name":"MTMS1"}
{"message":"WARNING: NODE_APP_INSTANCE value of '0' did not match any instance config file names.\n","timestamp":"03-06 18:20:30 +05:30","type":"err","process_id":2,"app_name":"MTMS1"}
{"message":"WARNING: See https://github.com/lorenwest/node-config/wiki/Strict-Mode\n","timestamp":"03-06 18:20:30 +05:30","type":"err","process_id":2,"app_name":"MTMS1"}
{"message":"WARNING: No configurations found in configuration directory:/Users/atulkumar/Metyis_Trip_Service/src/config\n","timestamp":"03-06 18:20:30 +05:30","type":"err","process_id":2,"app_name":"MTMS1"}
{"message":"WARNING: To disable this warning set SUPPRESS_NO_CONFIG_WARNING in the environment.\n","timestamp":"03-06 18:20:30 +05:30","type":"err","process_id":2,"app_name":"MTMS1"}
{"message":"WARNING: NODE_APP_INSTANCE value of '0' did not match any instance config file names.\n","timestamp":"03-06 18:23:10 +05:30","type":"err","process_id":0,"app_name":"MTMS"}
{"message":"WARNING: See https://github.com/lorenwest/node-config/wiki/Strict-Mode\n","timestamp":"03-06 18:23:10 +05:30","type":"err","process_id":0,"app_name":"MTMS"}
{"message":"WARNING: No configurations found in configuration directory:/Users/atulkumar/Metyis_Trip_Service/src/config\n","timestamp":"03-06 18:23:10 +05:30","type":"err","process_id":0,"app_name":"MTMS"}
{"message":"WARNING: To disable this warning set SUPPRESS_NO_CONFIG_WARNING in the environment.\n","timestamp":"03-06 18:23:10 +05:30","type":"err","process_id":0,"app_name":"MTMS"}
{"message":"WARNING: NODE_APP_INSTANCE value of '0' did not match any instance config file names.\n","timestamp":"03-06 18:23:10 +05:30","type":"err","process_id":2,"app_name":"MTMS1"}
{"message":"WARNING: See https://github.com/lorenwest/node-config/wiki/Strict-Mode\n","timestamp":"03-06 18:23:10 +05:30","type":"err","process_id":2,"app_name":"MTMS1"}
{"message":"WARNING: No configurations found in configuration directory:/Users/atulkumar/Metyis_Trip_Service/src/config\n","timestamp":"03-06 18:23:10 +05:30","type":"err","process_id":2,"app_name":"MTMS1"}
{"message":"WARNING: To disable this warning set SUPPRESS_NO_CONFIG_WARNING in the environment.\n","timestamp":"03-06 18:23:10 +05:30","type":"err","process_id":2,"app_name":"MTMS1"}
{"message":"WARNING: NODE_APP_INSTANCE value of '1' did not match any instance config file names.\n","timestamp":"03-06 18:23:10 +05:30","type":"err","process_id":3,"app_name":"MTMS1"}
{"message":"WARNING: See https://github.com/lorenwest/node-config/wiki/Strict-Mode\n","timestamp":"03-06 18:23:10 +05:30","type":"err","process_id":3,"app_name":"MTMS1"}
{"message":"WARNING: No configurations found in configuration directory:/Users/atulkumar/Metyis_Trip_Service/src/config\n","timestamp":"03-06 18:23:10 +05:30","type":"err","process_id":3,"app_name":"MTMS1"}
{"message":"WARNING: To disable this warning set SUPPRESS_NO_CONFIG_WARNING in the environment.\n","timestamp":"03-06 18:23:10 +05:30","type":"err","process_id":3,"app_name":"MTMS1"}
{"message":"WARNING: NODE_APP_INSTANCE value of '1' did not match any instance config file names.\n","timestamp":"03-06 18:23:10 +05:30","type":"err","process_id":1,"app_name":"MTMS"}
{"message":"WARNING: See https://github.com/lorenwest/node-config/wiki/Strict-Mode\n","timestamp":"03-06 18:23:10 +05:30","type":"err","process_id":1,"app_name":"MTMS"}
{"message":"WARNING: No configurations found in configuration directory:/Users/atulkumar/Metyis_Trip_Service/src/config\n","timestamp":"03-06 18:23:10 +05:30","type":"err","process_id":1,"app_name":"MTMS"}
{"message":"WARNING: To disable this warning set SUPPRESS_NO_CONFIG_WARNING in the environment.\n","timestamp":"03-06 18:23:10 +05:30","type":"err","process_id":1,"app_name":"MTMS"}
{"message":"WARNING: NODE_APP_INSTANCE value of '0' did not match any instance config file names.\n","timestamp":"03-06 18:23:13 +05:30","type":"err","process_id":2,"app_name":"MTMS1"}
{"message":"WARNING: See https://github.com/lorenwest/node-config/wiki/Strict-Mode\n","timestamp":"03-06 18:23:13 +05:30","type":"err","process_id":2,"app_name":"MTMS1"}
{"message":"WARNING: No configurations found in configuration directory:/Users/atulkumar/Metyis_Trip_Service/src/config\n","timestamp":"03-06 18:23:13 +05:30","type":"err","process_id":2,"app_name":"MTMS1"}
{"message":"WARNING: To disable this warning set SUPPRESS_NO_CONFIG_WARNING in the environment.\n","timestamp":"03-06 18:23:13 +05:30","type":"err","process_id":2,"app_name":"MTMS1"}
{"message":"WARNING: NODE_APP_INSTANCE value of '1' did not match any instance config file names.\n","timestamp":"03-06 18:23:14 +05:30","type":"err","process_id":3,"app_name":"MTMS1"}
{"message":"WARNING: See https://github.com/lorenwest/node-config/wiki/Strict-Mode\n","timestamp":"03-06 18:23:14 +05:30","type":"err","process_id":3,"app_name":"MTMS1"}
{"message":"WARNING: No configurations found in configuration directory:/Users/atulkumar/Metyis_Trip_Service/src/config\n","timestamp":"03-06 18:23:14 +05:30","type":"err","process_id":3,"app_name":"MTMS1"}
{"message":"WARNING: To disable this warning set SUPPRESS_NO_CONFIG_WARNING in the environment.\n","timestamp":"03-06 18:23:14 +05:30","type":"err","process_id":3,"app_name":"MTMS1"}
{"message":"WARNING: NODE_APP_INSTANCE value of '0' did not match any instance config file names.\n","timestamp":"03-06 18:24:03 +05:30","type":"err","process_id":0,"app_name":"MTMS1"}
{"message":"WARNING: See https://github.com/lorenwest/node-config/wiki/Strict-Mode\n","timestamp":"03-06 18:24:03 +05:30","type":"err","process_id":0,"app_name":"MTMS1"}
{"message":"WARNING: No configurations found in configuration directory:/Users/atulkumar/Metyis_Trip_Service/src/config\n","timestamp":"03-06 18:24:03 +05:30","type":"err","process_id":0,"app_name":"MTMS1"}
{"message":"WARNING: To disable this warning set SUPPRESS_NO_CONFIG_WARNING in the environment.\n","timestamp":"03-06 18:24:03 +05:30","type":"err","process_id":0,"app_name":"MTMS1"}
{"message":"WARNING: NODE_APP_INSTANCE value of '1' did not match any instance config file names.\n","timestamp":"03-06 18:24:03 +05:30","type":"err","process_id":1,"app_name":"MTMS1"}
{"message":"WARNING: See https://github.com/lorenwest/node-config/wiki/Strict-Mode\n","timestamp":"03-06 18:24:03 +05:30","type":"err","process_id":1,"app_name":"MTMS1"}
{"message":"WARNING: No configurations found in configuration directory:/Users/atulkumar/Metyis_Trip_Service/src/config\n","timestamp":"03-06 18:24:03 +05:30","type":"err","process_id":1,"app_name":"MTMS1"}
{"message":"WARNING: To disable this warning set SUPPRESS_NO_CONFIG_WARNING in the environment.\n","timestamp":"03-06 18:24:03 +05:30","type":"err","process_id":1,"app_name":"MTMS1"}
{"message":"WARNING: NODE_APP_INSTANCE value of '1' did not match any instance config file names.\n","timestamp":"03-06 18:24:47 +05:30","type":"err","process_id":1,"app_name":"MTMS1"}
{"message":"WARNING: See https://github.com/lorenwest/node-config/wiki/Strict-Mode\n","timestamp":"03-06 18:24:47 +05:30","type":"err","process_id":1,"app_name":"MTMS1"}
{"message":"WARNING: No configurations found in configuration directory:/Users/atulkumar/Metyis_Trip_Service/src/config\n","timestamp":"03-06 18:24:47 +05:30","type":"err","process_id":1,"app_name":"MTMS1"}
{"message":"WARNING: To disable this warning set SUPPRESS_NO_CONFIG_WARNING in the environment.\n","timestamp":"03-06 18:24:47 +05:30","type":"err","process_id":1,"app_name":"MTMS1"}
{"message":"WARNING: NODE_APP_INSTANCE value of '0' did not match any instance config file names.\n","timestamp":"03-06 18:24:47 +05:30","type":"err","process_id":0,"app_name":"MTMS1"}
{"message":"WARNING: See https://github.com/lorenwest/node-config/wiki/Strict-Mode\n","timestamp":"03-06 18:24:47 +05:30","type":"err","process_id":0,"app_name":"MTMS1"}
{"message":"WARNING: No configurations found in configuration directory:/Users/atulkumar/Metyis_Trip_Service/src/config\n","timestamp":"03-06 18:24:47 +05:30","type":"err","process_id":0,"app_name":"MTMS1"}
{"message":"WARNING: To disable this warning set SUPPRESS_NO_CONFIG_WARNING in the environment.\n","timestamp":"03-06 18:24:47 +05:30","type":"err","process_id":0,"app_name":"MTMS1"}
{"message":"WARNING: NODE_APP_INSTANCE value of '1' did not match any instance config file names.\n","timestamp":"03-06 18:25:25 +05:30","type":"err","process_id":1,"app_name":"MTMS1"}
{"message":"WARNING: See https://github.com/lorenwest/node-config/wiki/Strict-Mode\n","timestamp":"03-06 18:25:25 +05:30","type":"err","process_id":1,"app_name":"MTMS1"}
{"message":"WARNING: No configurations found in configuration directory:/Users/atulkumar/Metyis_Trip_Service/src/config\n","timestamp":"03-06 18:25:25 +05:30","type":"err","process_id":1,"app_name":"MTMS1"}
{"message":"WARNING: To disable this warning set SUPPRESS_NO_CONFIG_WARNING in the environment.\n","timestamp":"03-06 18:25:25 +05:30","type":"err","process_id":1,"app_name":"MTMS1"}
{"message":"WARNING: NODE_APP_INSTANCE value of '0' did not match any instance config file names.\n","timestamp":"03-06 18:25:25 +05:30","type":"err","process_id":0,"app_name":"MTMS1"}
{"message":"WARNING: See https://github.com/lorenwest/node-config/wiki/Strict-Mode\n","timestamp":"03-06 18:25:25 +05:30","type":"err","process_id":0,"app_name":"MTMS1"}
{"message":"WARNING: No configurations found in configuration directory:/Users/atulkumar/Metyis_Trip_Service/src/config\n","timestamp":"03-06 18:25:25 +05:30","type":"err","process_id":0,"app_name":"MTMS1"}
{"message":"WARNING: To disable this warning set SUPPRESS_NO_CONFIG_WARNING in the environment.\n","timestamp":"03-06 18:25:25 +05:30","type":"err","process_id":0,"app_name":"MTMS1"}
{"message":"WARNING: NODE_APP_INSTANCE value of '1' did not match any instance config file names.\n","timestamp":"03-06 18:27:17 +05:30","type":"err","process_id":1,"app_name":"MTMS1"}
{"message":"WARNING: See https://github.com/lorenwest/node-config/wiki/Strict-Mode\n","timestamp":"03-06 18:27:17 +05:30","type":"err","process_id":1,"app_name":"MTMS1"}
{"message":"WARNING: No configurations found in configuration directory:/Users/atulkumar/Metyis_Trip_Service/src/config\n","timestamp":"03-06 18:27:17 +05:30","type":"err","process_id":1,"app_name":"MTMS1"}
{"message":"WARNING: To disable this warning set SUPPRESS_NO_CONFIG_WARNING in the environment.\n","timestamp":"03-06 18:27:17 +05:30","type":"err","process_id":1,"app_name":"MTMS1"}
{"message":"WARNING: NODE_APP_INSTANCE value of '0' did not match any instance config file names.\n","timestamp":"03-06 18:27:17 +05:30","type":"err","process_id":0,"app_name":"MTMS1"}
{"message":"WARNING: See https://github.com/lorenwest/node-config/wiki/Strict-Mode\n","timestamp":"03-06 18:27:17 +05:30","type":"err","process_id":0,"app_name":"MTMS1"}
{"message":"WARNING: No configurations found in configuration directory:/Users/atulkumar/Metyis_Trip_Service/src/config\n","timestamp":"03-06 18:27:17 +05:30","type":"err","process_id":0,"app_name":"MTMS1"}
{"message":"WARNING: To disable this warning set SUPPRESS_NO_CONFIG_WARNING in the environment.\n","timestamp":"03-06 18:27:17 +05:30","type":"err","process_id":0,"app_name":"MTMS1"}
